Host command: /apps/cadence/ius/tools/verilog/bin/verilog.exe
Command arguments:
    problem4_tb.v
    problem4.v

Tool:	VERILOG-XL	08.20.001-p log file created Apr 28, 2018  16:43:19
Tool:	VERILOG-XL	08.20.001-p   Apr 28, 2018  16:43:19

Copyright (c) 1995-2004 Cadence Design Systems, Inc.  All Rights Reserved.
Unpublished -- rights reserved under the copyright laws of the United States.

Copyright (c) 1995-2004 UNIX Systems Laboratories, Inc.  Reproduced with Permission.

THIS SOFTWARE AND ON-LINE DOCUMENTATION CONTAIN CONFIDENTIAL INFORMATION
AND TRADE SECRETS OF CADENCE DESIGN SYSTEMS, INC.  USE, DISCLOSURE, OR
REPRODUCTION IS PROHIBITED WITHOUT THE PRIOR EXPRESS WRITTEN PERMISSION OF
CADENCE DESIGN SYSTEMS, INC.
RESTRICTED RIGHTS LEGEND

Use, duplication, or disclosure by the Government is subject to
restrictions as set forth in subparagraph (c)(1)(ii) of the Rights in
Technical Data and Computer Software clause at DFARS 252.227-7013 or
subparagraphs (c)(1) and (2) of Commercial Computer Software -- Restricted
Rights at 48 CFR 52.227-19, as applicable.

                Cadence Design Systems, Inc.
                555 River Oaks Parkway
                San Jose, California  95134

For technical assistance please contact the Cadence Response Center at
1-877-CDS-4911 or send email to support@cadence.com

For more information on Cadence's Verilog-XL product line send email to
talkv@cadence.com

Compiling source file "problem4_tb.v"
Compiling source file "problem4.v"
Highest level modules:
problem4_tb

X = 0 :: Y = 0
Sequence 1: s0->s3->s4
X = 1 :: Y = 0
X = 1 :: Y = 1
Sequence 2: s0->s1->s2
X = 0 :: Y = 0
X = 1 :: Y = 0
X = 1 :: Y = 1
Sequence 3: s0->s3->s1->s2
X = 0 :: Y = 0
X = 1 :: Y = 0
X = 1 :: Y = 1
Sequence 4: s0->s1->s3->s4
X = 0 :: Y = 0
X = 1 :: Y = 0
X = 1 :: Y = 1
Test 5: s0->s1->s2->s3
X = 0 :: Y = 0
X = 1 :: Y = 0
X = 1 :: Y = 1
Test 6: s0->s3->s4->s1
X = 0 :: Y = 0
X = 1 :: Y = 0
X = 1 :: Y = 1
L64 "problem4_tb.v": $finish at simulation time 55000
0 simulation events (use +profile or +listcounts option to count)
CPU time: 0.0 secs to compile + 0.0 secs to link + 0.0 secs in simulation
End of Tool:	VERILOG-XL	08.20.001-p   Apr 28, 2018  16:43:20
